<?xml version="1.0" encoding="UTF-8"?>
<testsuite xmlns:xsi="http://www.w3.org/2001/XMLSchema-instance" xsi:noNamespaceSchemaLocation="https://maven.apache.org/surefire/maven-surefire-plugin/xsd/surefire-test-report.xsd" name="com.abinovarghese.server.DemoApplicationTests" time="8.056" tests="1" errors="0" skipped="0" failures="0">
  <properties>
    <property name="java.specification.version" value="17"/>
    <property name="sun.cpu.isalist" value="amd64"/>
    <property name="sun.jnu.encoding" value="Cp1252"/>
    <property name="java.class.path" value="D:\GITHUB\abinovarghese_api\target\test-classes;D:\GITHUB\abinovarghese_api\target\classes;C:\Users\abino\.m2\repository\org\springframework\boot\spring-boot-starter-web\2.1.9.RELEASE\spring-boot-starter-web-2.1.9.RELEASE.jar;C:\Users\abino\.m2\repository\org\springframework\boot\spring-boot-starter\2.1.9.RELEASE\spring-boot-starter-2.1.9.RELEASE.jar;C:\Users\abino\.m2\repository\org\springframework\boot\spring-boot-starter-logging\2.1.9.RELEASE\spring-boot-starter-logging-2.1.9.RELEASE.jar;C:\Users\abino\.m2\repository\ch\qos\logback\logback-classic\1.2.3\logback-classic-1.2.3.jar;C:\Users\abino\.m2\repository\ch\qos\logback\logback-core\1.2.3\logback-core-1.2.3.jar;C:\Users\abino\.m2\repository\org\apache\logging\log4j\log4j-to-slf4j\2.11.2\log4j-to-slf4j-2.11.2.jar;C:\Users\abino\.m2\repository\org\apache\logging\log4j\log4j-api\2.11.2\log4j-api-2.11.2.jar;C:\Users\abino\.m2\repository\org\slf4j\jul-to-slf4j\1.7.28\jul-to-slf4j-1.7.28.jar;C:\Users\abino\.m2\repository\javax\annotation\javax.annotation-api\1.3.2\javax.annotation-api-1.3.2.jar;C:\Users\abino\.m2\repository\org\yaml\snakeyaml\1.23\snakeyaml-1.23.jar;C:\Users\abino\.m2\repository\org\springframework\boot\spring-boot-starter-json\2.1.9.RELEASE\spring-boot-starter-json-2.1.9.RELEASE.jar;C:\Users\abino\.m2\repository\com\fasterxml\jackson\core\jackson-databind\2.9.9.3\jackson-databind-2.9.9.3.jar;C:\Users\abino\.m2\repository\com\fasterxml\jackson\core\jackson-annotations\2.9.0\jackson-annotations-2.9.0.jar;C:\Users\abino\.m2\repository\com\fasterxml\jackson\core\jackson-core\2.9.9\jackson-core-2.9.9.jar;C:\Users\abino\.m2\repository\com\fasterxml\jackson\datatype\jackson-datatype-jdk8\2.9.9\jackson-datatype-jdk8-2.9.9.jar;C:\Users\abino\.m2\repository\com\fasterxml\jackson\datatype\jackson-datatype-jsr310\2.9.9\jackson-datatype-jsr310-2.9.9.jar;C:\Users\abino\.m2\repository\com\fasterxml\jackson\module\jackson-module-parameter-names\2.9.9\jackson-module-parameter-names-2.9.9.jar;C:\Users\abino\.m2\repository\org\springframework\boot\spring-boot-starter-tomcat\2.1.9.RELEASE\spring-boot-starter-tomcat-2.1.9.RELEASE.jar;C:\Users\abino\.m2\repository\org\apache\tomcat\embed\tomcat-embed-core\9.0.26\tomcat-embed-core-9.0.26.jar;C:\Users\abino\.m2\repository\org\apache\tomcat\embed\tomcat-embed-el\9.0.26\tomcat-embed-el-9.0.26.jar;C:\Users\abino\.m2\repository\org\apache\tomcat\embed\tomcat-embed-websocket\9.0.26\tomcat-embed-websocket-9.0.26.jar;C:\Users\abino\.m2\repository\org\hibernate\validator\hibernate-validator\6.0.17.Final\hibernate-validator-6.0.17.Final.jar;C:\Users\abino\.m2\repository\javax\validation\validation-api\2.0.1.Final\validation-api-2.0.1.Final.jar;C:\Users\abino\.m2\repository\org\jboss\logging\jboss-logging\3.3.3.Final\jboss-logging-3.3.3.Final.jar;C:\Users\abino\.m2\repository\com\fasterxml\classmate\1.4.0\classmate-1.4.0.jar;C:\Users\abino\.m2\repository\org\springframework\spring-web\5.1.10.RELEASE\spring-web-5.1.10.RELEASE.jar;C:\Users\abino\.m2\repository\org\springframework\spring-beans\5.1.10.RELEASE\spring-beans-5.1.10.RELEASE.jar;C:\Users\abino\.m2\repository\org\springframework\spring-webmvc\5.1.10.RELEASE\spring-webmvc-5.1.10.RELEASE.jar;C:\Users\abino\.m2\repository\org\springframework\spring-aop\5.1.10.RELEASE\spring-aop-5.1.10.RELEASE.jar;C:\Users\abino\.m2\repository\org\springframework\spring-context\5.1.10.RELEASE\spring-context-5.1.10.RELEASE.jar;C:\Users\abino\.m2\repository\org\springframework\spring-expression\5.1.10.RELEASE\spring-expression-5.1.10.RELEASE.jar;C:\Users\abino\.m2\repository\org\springframework\boot\spring-boot-starter-web-services\2.1.9.RELEASE\spring-boot-starter-web-services-2.1.9.RELEASE.jar;C:\Users\abino\.m2\repository\com\sun\xml\messaging\saaj\saaj-impl\1.5.0\saaj-impl-1.5.0.jar;C:\Users\abino\.m2\repository\javax\xml\soap\javax.xml.soap-api\1.4.0\javax.xml.soap-api-1.4.0.jar;C:\Users\abino\.m2\repository\org\jvnet\mimepull\mimepull\1.9.11\mimepull-1.9.11.jar;C:\Users\abino\.m2\repository\org\jvnet\staxex\stax-ex\1.8\stax-ex-1.8.jar;C:\Users\abino\.m2\repository\javax\xml\ws\jaxws-api\2.3.1\jaxws-api-2.3.1.jar;C:\Users\abino\.m2\repository\javax\xml\bind\jaxb-api\2.3.1\jaxb-api-2.3.1.jar;C:\Users\abino\.m2\repository\javax\activation\javax.activation-api\1.2.0\javax.activation-api-1.2.0.jar;C:\Users\abino\.m2\repository\org\springframework\spring-oxm\5.1.10.RELEASE\spring-oxm-5.1.10.RELEASE.jar;C:\Users\abino\.m2\repository\org\springframework\ws\spring-ws-core\3.0.7.RELEASE\spring-ws-core-3.0.7.RELEASE.jar;C:\Users\abino\.m2\repository\org\springframework\ws\spring-xml\3.0.7.RELEASE\spring-xml-3.0.7.RELEASE.jar;C:\Users\abino\.m2\repository\commons-io\commons-io\2.5\commons-io-2.5.jar;C:\Users\abino\.m2\repository\org\springframework\boot\spring-boot-starter-webflux\2.1.9.RELEASE\spring-boot-starter-webflux-2.1.9.RELEASE.jar;C:\Users\abino\.m2\repository\org\springframework\boot\spring-boot-starter-reactor-netty\2.1.9.RELEASE\spring-boot-starter-reactor-netty-2.1.9.RELEASE.jar;C:\Users\abino\.m2\repository\io\projectreactor\netty\reactor-netty\0.8.12.RELEASE\reactor-netty-0.8.12.RELEASE.jar;C:\Users\abino\.m2\repository\io\netty\netty-codec-http\4.1.39.Final\netty-codec-http-4.1.39.Final.jar;C:\Users\abino\.m2\repository\io\netty\netty-common\4.1.39.Final\netty-common-4.1.39.Final.jar;C:\Users\abino\.m2\repository\io\netty\netty-buffer\4.1.39.Final\netty-buffer-4.1.39.Final.jar;C:\Users\abino\.m2\repository\io\netty\netty-transport\4.1.39.Final\netty-transport-4.1.39.Final.jar;C:\Users\abino\.m2\repository\io\netty\netty-resolver\4.1.39.Final\netty-resolver-4.1.39.Final.jar;C:\Users\abino\.m2\repository\io\netty\netty-codec\4.1.39.Final\netty-codec-4.1.39.Final.jar;C:\Users\abino\.m2\repository\io\netty\netty-codec-http2\4.1.39.Final\netty-codec-http2-4.1.39.Final.jar;C:\Users\abino\.m2\repository\io\netty\netty-handler\4.1.39.Final\netty-handler-4.1.39.Final.jar;C:\Users\abino\.m2\repository\io\netty\netty-handler-proxy\4.1.39.Final\netty-handler-proxy-4.1.39.Final.jar;C:\Users\abino\.m2\repository\io\netty\netty-codec-socks\4.1.39.Final\netty-codec-socks-4.1.39.Final.jar;C:\Users\abino\.m2\repository\io\netty\netty-transport-native-epoll\4.1.39.Final\netty-transport-native-epoll-4.1.39.Final-linux-x86_64.jar;C:\Users\abino\.m2\repository\io\netty\netty-transport-native-unix-common\4.1.39.Final\netty-transport-native-unix-common-4.1.39.Final.jar;C:\Users\abino\.m2\repository\org\glassfish\javax.el\3.0.0\javax.el-3.0.0.jar;C:\Users\abino\.m2\repository\org\springframework\spring-webflux\5.1.10.RELEASE\spring-webflux-5.1.10.RELEASE.jar;C:\Users\abino\.m2\repository\org\synchronoss\cloud\nio-multipart-parser\1.1.0\nio-multipart-parser-1.1.0.jar;C:\Users\abino\.m2\repository\org\synchronoss\cloud\nio-stream-storage\1.1.3\nio-stream-storage-1.1.3.jar;C:\Users\abino\.m2\repository\org\springframework\boot\spring-boot-starter-websocket\2.1.9.RELEASE\spring-boot-starter-websocket-2.1.9.RELEASE.jar;C:\Users\abino\.m2\repository\org\springframework\spring-messaging\5.1.10.RELEASE\spring-messaging-5.1.10.RELEASE.jar;C:\Users\abino\.m2\repository\org\springframework\spring-websocket\5.1.10.RELEASE\spring-websocket-5.1.10.RELEASE.jar;C:\Users\abino\.m2\repository\de\codecentric\spring-boot-admin-starter-client\2.1.5\spring-boot-admin-starter-client-2.1.5.jar;C:\Users\abino\.m2\repository\de\codecentric\spring-boot-admin-client\2.1.5\spring-boot-admin-client-2.1.5.jar;C:\Users\abino\.m2\repository\org\springframework\boot\spring-boot-starter-actuator\2.1.9.RELEASE\spring-boot-starter-actuator-2.1.9.RELEASE.jar;C:\Users\abino\.m2\repository\org\springframework\boot\spring-boot-actuator-autoconfigure\2.1.9.RELEASE\spring-boot-actuator-autoconfigure-2.1.9.RELEASE.jar;C:\Users\abino\.m2\repository\org\springframework\boot\spring-boot-actuator\2.1.9.RELEASE\spring-boot-actuator-2.1.9.RELEASE.jar;C:\Users\abino\.m2\repository\io\micrometer\micrometer-core\1.1.7\micrometer-core-1.1.7.jar;C:\Users\abino\.m2\repository\org\hdrhistogram\HdrHistogram\2.1.9\HdrHistogram-2.1.9.jar;C:\Users\abino\.m2\repository\org\latencyutils\LatencyUtils\2.0.3\LatencyUtils-2.0.3.jar;C:\Users\abino\.m2\repository\org\jolokia\jolokia-core\1.6.2\jolokia-core-1.6.2.jar;C:\Users\abino\.m2\repository\com\googlecode\json-simple\json-simple\1.1.1\json-simple-1.1.1.jar;C:\Users\abino\.m2\repository\de\codecentric\spring-boot-admin-starter-server\2.1.5\spring-boot-admin-starter-server-2.1.5.jar;C:\Users\abino\.m2\repository\de\codecentric\spring-boot-admin-server\2.1.5\spring-boot-admin-server-2.1.5.jar;C:\Users\abino\.m2\repository\org\springframework\boot\spring-boot-starter-thymeleaf\2.1.9.RELEASE\spring-boot-starter-thymeleaf-2.1.9.RELEASE.jar;C:\Users\abino\.m2\repository\org\thymeleaf\thymeleaf-spring5\3.0.11.RELEASE\thymeleaf-spring5-3.0.11.RELEASE.jar;C:\Users\abino\.m2\repository\org\thymeleaf\thymeleaf\3.0.11.RELEASE\thymeleaf-3.0.11.RELEASE.jar;C:\Users\abino\.m2\repository\org\attoparser\attoparser\2.0.5.RELEASE\attoparser-2.0.5.RELEASE.jar;C:\Users\abino\.m2\repository\org\unbescape\unbescape\1.1.6.RELEASE\unbescape-1.1.6.RELEASE.jar;C:\Users\abino\.m2\repository\org\thymeleaf\extras\thymeleaf-extras-java8time\3.0.4.RELEASE\thymeleaf-extras-java8time-3.0.4.RELEASE.jar;C:\Users\abino\.m2\repository\io\projectreactor\addons\reactor-extra\3.2.3.RELEASE\reactor-extra-3.2.3.RELEASE.jar;C:\Users\abino\.m2\repository\de\codecentric\spring-boot-admin-server-ui\2.1.5\spring-boot-admin-server-ui-2.1.5.jar;C:\Users\abino\.m2\repository\de\codecentric\spring-boot-admin-server-cloud\2.1.5\spring-boot-admin-server-cloud-2.1.5.jar;C:\Users\abino\.m2\repository\org\springframework\boot\spring-boot-devtools\2.1.9.RELEASE\spring-boot-devtools-2.1.9.RELEASE.jar;C:\Users\abino\.m2\repository\org\springframework\boot\spring-boot\2.1.9.RELEASE\spring-boot-2.1.9.RELEASE.jar;C:\Users\abino\.m2\repository\org\springframework\boot\spring-boot-autoconfigure\2.1.9.RELEASE\spring-boot-autoconfigure-2.1.9.RELEASE.jar;C:\Users\abino\.m2\repository\org\postgresql\postgresql\42.2.8\postgresql-42.2.8.jar;C:\Users\abino\.m2\repository\org\springframework\boot\spring-boot-starter-test\2.1.9.RELEASE\spring-boot-starter-test-2.1.9.RELEASE.jar;C:\Users\abino\.m2\repository\org\springframework\boot\spring-boot-test\2.1.9.RELEASE\spring-boot-test-2.1.9.RELEASE.jar;C:\Users\abino\.m2\repository\org\springframework\boot\spring-boot-test-autoconfigure\2.1.9.RELEASE\spring-boot-test-autoconfigure-2.1.9.RELEASE.jar;C:\Users\abino\.m2\repository\com\jayway\jsonpath\json-path\2.4.0\json-path-2.4.0.jar;C:\Users\abino\.m2\repository\net\minidev\json-smart\2.3\json-smart-2.3.jar;C:\Users\abino\.m2\repository\net\minidev\accessors-smart\1.2\accessors-smart-1.2.jar;C:\Users\abino\.m2\repository\org\ow2\asm\asm\5.0.4\asm-5.0.4.jar;C:\Users\abino\.m2\repository\junit\junit\4.12\junit-4.12.jar;C:\Users\abino\.m2\repository\org\assertj\assertj-core\3.11.1\assertj-core-3.11.1.jar;C:\Users\abino\.m2\repository\org\mockito\mockito-core\2.23.4\mockito-core-2.23.4.jar;C:\Users\abino\.m2\repository\net\bytebuddy\byte-buddy\1.9.16\byte-buddy-1.9.16.jar;C:\Users\abino\.m2\repository\net\bytebuddy\byte-buddy-agent\1.9.16\byte-buddy-agent-1.9.16.jar;C:\Users\abino\.m2\repository\org\objenesis\objenesis\2.6\objenesis-2.6.jar;C:\Users\abino\.m2\repository\org\hamcrest\hamcrest-core\1.3\hamcrest-core-1.3.jar;C:\Users\abino\.m2\repository\org\hamcrest\hamcrest-library\1.3\hamcrest-library-1.3.jar;C:\Users\abino\.m2\repository\org\skyscreamer\jsonassert\1.5.0\jsonassert-1.5.0.jar;C:\Users\abino\.m2\repository\com\vaadin\external\google\android-json\0.0.20131108.vaadin1\android-json-0.0.20131108.vaadin1.jar;C:\Users\abino\.m2\repository\org\springframework\spring-core\5.1.10.RELEASE\spring-core-5.1.10.RELEASE.jar;C:\Users\abino\.m2\repository\org\springframework\spring-jcl\5.1.10.RELEASE\spring-jcl-5.1.10.RELEASE.jar;C:\Users\abino\.m2\repository\org\springframework\spring-test\5.1.10.RELEASE\spring-test-5.1.10.RELEASE.jar;C:\Users\abino\.m2\repository\org\xmlunit\xmlunit-core\2.6.3\xmlunit-core-2.6.3.jar;C:\Users\abino\.m2\repository\io\projectreactor\reactor-test\3.2.12.RELEASE\reactor-test-3.2.12.RELEASE.jar;C:\Users\abino\.m2\repository\io\projectreactor\reactor-core\3.2.12.RELEASE\reactor-core-3.2.12.RELEASE.jar;C:\Users\abino\.m2\repository\org\reactivestreams\reactive-streams\1.0.3\reactive-streams-1.0.3.jar;C:\Users\abino\.m2\repository\org\springframework\restdocs\spring-restdocs-mockmvc\2.0.4.RELEASE\spring-restdocs-mockmvc-2.0.4.RELEASE.jar;C:\Users\abino\.m2\repository\javax\servlet\javax.servlet-api\4.0.1\javax.servlet-api-4.0.1.jar;C:\Users\abino\.m2\repository\org\springframework\restdocs\spring-restdocs-core\2.0.4.RELEASE\spring-restdocs-core-2.0.4.RELEASE.jar;C:\Users\abino\.m2\repository\com\google\code\gson\gson\2.8.6\gson-2.8.6.jar;C:\Users\abino\.m2\repository\com\rivescript\rivescript-core\0.10.0\rivescript-core-0.10.0.jar;C:\Users\abino\.m2\repository\org\slf4j\slf4j-api\1.7.28\slf4j-api-1.7.28.jar;C:\Users\abino\.m2\repository\org\jsoup\jsoup\1.11.3\jsoup-1.11.3.jar;"/>
    <property name="java.vm.vendor" value="Eclipse Adoptium"/>
    <property name="sun.arch.data.model" value="64"/>
    <property name="user.variant" value=""/>
    <property name="java.vendor.url" value="https://adoptium.net/"/>
    <property name="user.timezone" value="Asia/Calcutta"/>
    <property name="os.name" value="Windows 11"/>
    <property name="java.vm.specification.version" value="17"/>
    <property name="sun.java.launcher" value="SUN_STANDARD"/>
    <property name="user.country" value="IN"/>
    <property name="sun.boot.library.path" value="D:\Softwares\sts-4.17.1.RELEASE\plugins\org.eclipse.justj.openjdk.hotspot.jre.full.win32.x86_64_17.0.5.v20221102-0933\jre\bin"/>
    <property name="sun.java.command" value="C:\Users\abino\AppData\Local\Temp\surefire8388823457711883377\surefirebooter3198417537314235326.jar C:\Users\abino\AppData\Local\Temp\surefire8388823457711883377 2023-01-21T02-37-32_458-jvmRun1 surefire3445312250342806031tmp surefire_015333198463729736054tmp"/>
    <property name="jdk.debug" value="release"/>
    <property name="surefire.test.class.path" value="D:\GITHUB\abinovarghese_api\target\test-classes;D:\GITHUB\abinovarghese_api\target\classes;C:\Users\abino\.m2\repository\org\springframework\boot\spring-boot-starter-web\2.1.9.RELEASE\spring-boot-starter-web-2.1.9.RELEASE.jar;C:\Users\abino\.m2\repository\org\springframework\boot\spring-boot-starter\2.1.9.RELEASE\spring-boot-starter-2.1.9.RELEASE.jar;C:\Users\abino\.m2\repository\org\springframework\boot\spring-boot-starter-logging\2.1.9.RELEASE\spring-boot-starter-logging-2.1.9.RELEASE.jar;C:\Users\abino\.m2\repository\ch\qos\logback\logback-classic\1.2.3\logback-classic-1.2.3.jar;C:\Users\abino\.m2\repository\ch\qos\logback\logback-core\1.2.3\logback-core-1.2.3.jar;C:\Users\abino\.m2\repository\org\apache\logging\log4j\log4j-to-slf4j\2.11.2\log4j-to-slf4j-2.11.2.jar;C:\Users\abino\.m2\repository\org\apache\logging\log4j\log4j-api\2.11.2\log4j-api-2.11.2.jar;C:\Users\abino\.m2\repository\org\slf4j\jul-to-slf4j\1.7.28\jul-to-slf4j-1.7.28.jar;C:\Users\abino\.m2\repository\javax\annotation\javax.annotation-api\1.3.2\javax.annotation-api-1.3.2.jar;C:\Users\abino\.m2\repository\org\yaml\snakeyaml\1.23\snakeyaml-1.23.jar;C:\Users\abino\.m2\repository\org\springframework\boot\spring-boot-starter-json\2.1.9.RELEASE\spring-boot-starter-json-2.1.9.RELEASE.jar;C:\Users\abino\.m2\repository\com\fasterxml\jackson\core\jackson-databind\2.9.9.3\jackson-databind-2.9.9.3.jar;C:\Users\abino\.m2\repository\com\fasterxml\jackson\core\jackson-annotations\2.9.0\jackson-annotations-2.9.0.jar;C:\Users\abino\.m2\repository\com\fasterxml\jackson\core\jackson-core\2.9.9\jackson-core-2.9.9.jar;C:\Users\abino\.m2\repository\com\fasterxml\jackson\datatype\jackson-datatype-jdk8\2.9.9\jackson-datatype-jdk8-2.9.9.jar;C:\Users\abino\.m2\repository\com\fasterxml\jackson\datatype\jackson-datatype-jsr310\2.9.9\jackson-datatype-jsr310-2.9.9.jar;C:\Users\abino\.m2\repository\com\fasterxml\jackson\module\jackson-module-parameter-names\2.9.9\jackson-module-parameter-names-2.9.9.jar;C:\Users\abino\.m2\repository\org\springframework\boot\spring-boot-starter-tomcat\2.1.9.RELEASE\spring-boot-starter-tomcat-2.1.9.RELEASE.jar;C:\Users\abino\.m2\repository\org\apache\tomcat\embed\tomcat-embed-core\9.0.26\tomcat-embed-core-9.0.26.jar;C:\Users\abino\.m2\repository\org\apache\tomcat\embed\tomcat-embed-el\9.0.26\tomcat-embed-el-9.0.26.jar;C:\Users\abino\.m2\repository\org\apache\tomcat\embed\tomcat-embed-websocket\9.0.26\tomcat-embed-websocket-9.0.26.jar;C:\Users\abino\.m2\repository\org\hibernate\validator\hibernate-validator\6.0.17.Final\hibernate-validator-6.0.17.Final.jar;C:\Users\abino\.m2\repository\javax\validation\validation-api\2.0.1.Final\validation-api-2.0.1.Final.jar;C:\Users\abino\.m2\repository\org\jboss\logging\jboss-logging\3.3.3.Final\jboss-logging-3.3.3.Final.jar;C:\Users\abino\.m2\repository\com\fasterxml\classmate\1.4.0\classmate-1.4.0.jar;C:\Users\abino\.m2\repository\org\springframework\spring-web\5.1.10.RELEASE\spring-web-5.1.10.RELEASE.jar;C:\Users\abino\.m2\repository\org\springframework\spring-beans\5.1.10.RELEASE\spring-beans-5.1.10.RELEASE.jar;C:\Users\abino\.m2\repository\org\springframework\spring-webmvc\5.1.10.RELEASE\spring-webmvc-5.1.10.RELEASE.jar;C:\Users\abino\.m2\repository\org\springframework\spring-aop\5.1.10.RELEASE\spring-aop-5.1.10.RELEASE.jar;C:\Users\abino\.m2\repository\org\springframework\spring-context\5.1.10.RELEASE\spring-context-5.1.10.RELEASE.jar;C:\Users\abino\.m2\repository\org\springframework\spring-expression\5.1.10.RELEASE\spring-expression-5.1.10.RELEASE.jar;C:\Users\abino\.m2\repository\org\springframework\boot\spring-boot-starter-web-services\2.1.9.RELEASE\spring-boot-starter-web-services-2.1.9.RELEASE.jar;C:\Users\abino\.m2\repository\com\sun\xml\messaging\saaj\saaj-impl\1.5.0\saaj-impl-1.5.0.jar;C:\Users\abino\.m2\repository\javax\xml\soap\javax.xml.soap-api\1.4.0\javax.xml.soap-api-1.4.0.jar;C:\Users\abino\.m2\repository\org\jvnet\mimepull\mimepull\1.9.11\mimepull-1.9.11.jar;C:\Users\abino\.m2\repository\org\jvnet\staxex\stax-ex\1.8\stax-ex-1.8.jar;C:\Users\abino\.m2\repository\javax\xml\ws\jaxws-api\2.3.1\jaxws-api-2.3.1.jar;C:\Users\abino\.m2\repository\javax\xml\bind\jaxb-api\2.3.1\jaxb-api-2.3.1.jar;C:\Users\abino\.m2\repository\javax\activation\javax.activation-api\1.2.0\javax.activation-api-1.2.0.jar;C:\Users\abino\.m2\repository\org\springframework\spring-oxm\5.1.10.RELEASE\spring-oxm-5.1.10.RELEASE.jar;C:\Users\abino\.m2\repository\org\springframework\ws\spring-ws-core\3.0.7.RELEASE\spring-ws-core-3.0.7.RELEASE.jar;C:\Users\abino\.m2\repository\org\springframework\ws\spring-xml\3.0.7.RELEASE\spring-xml-3.0.7.RELEASE.jar;C:\Users\abino\.m2\repository\commons-io\commons-io\2.5\commons-io-2.5.jar;C:\Users\abino\.m2\repository\org\springframework\boot\spring-boot-starter-webflux\2.1.9.RELEASE\spring-boot-starter-webflux-2.1.9.RELEASE.jar;C:\Users\abino\.m2\repository\org\springframework\boot\spring-boot-starter-reactor-netty\2.1.9.RELEASE\spring-boot-starter-reactor-netty-2.1.9.RELEASE.jar;C:\Users\abino\.m2\repository\io\projectreactor\netty\reactor-netty\0.8.12.RELEASE\reactor-netty-0.8.12.RELEASE.jar;C:\Users\abino\.m2\repository\io\netty\netty-codec-http\4.1.39.Final\netty-codec-http-4.1.39.Final.jar;C:\Users\abino\.m2\repository\io\netty\netty-common\4.1.39.Final\netty-common-4.1.39.Final.jar;C:\Users\abino\.m2\repository\io\netty\netty-buffer\4.1.39.Final\netty-buffer-4.1.39.Final.jar;C:\Users\abino\.m2\repository\io\netty\netty-transport\4.1.39.Final\netty-transport-4.1.39.Final.jar;C:\Users\abino\.m2\repository\io\netty\netty-resolver\4.1.39.Final\netty-resolver-4.1.39.Final.jar;C:\Users\abino\.m2\repository\io\netty\netty-codec\4.1.39.Final\netty-codec-4.1.39.Final.jar;C:\Users\abino\.m2\repository\io\netty\netty-codec-http2\4.1.39.Final\netty-codec-http2-4.1.39.Final.jar;C:\Users\abino\.m2\repository\io\netty\netty-handler\4.1.39.Final\netty-handler-4.1.39.Final.jar;C:\Users\abino\.m2\repository\io\netty\netty-handler-proxy\4.1.39.Final\netty-handler-proxy-4.1.39.Final.jar;C:\Users\abino\.m2\repository\io\netty\netty-codec-socks\4.1.39.Final\netty-codec-socks-4.1.39.Final.jar;C:\Users\abino\.m2\repository\io\netty\netty-transport-native-epoll\4.1.39.Final\netty-transport-native-epoll-4.1.39.Final-linux-x86_64.jar;C:\Users\abino\.m2\repository\io\netty\netty-transport-native-unix-common\4.1.39.Final\netty-transport-native-unix-common-4.1.39.Final.jar;C:\Users\abino\.m2\repository\org\glassfish\javax.el\3.0.0\javax.el-3.0.0.jar;C:\Users\abino\.m2\repository\org\springframework\spring-webflux\5.1.10.RELEASE\spring-webflux-5.1.10.RELEASE.jar;C:\Users\abino\.m2\repository\org\synchronoss\cloud\nio-multipart-parser\1.1.0\nio-multipart-parser-1.1.0.jar;C:\Users\abino\.m2\repository\org\synchronoss\cloud\nio-stream-storage\1.1.3\nio-stream-storage-1.1.3.jar;C:\Users\abino\.m2\repository\org\springframework\boot\spring-boot-starter-websocket\2.1.9.RELEASE\spring-boot-starter-websocket-2.1.9.RELEASE.jar;C:\Users\abino\.m2\repository\org\springframework\spring-messaging\5.1.10.RELEASE\spring-messaging-5.1.10.RELEASE.jar;C:\Users\abino\.m2\repository\org\springframework\spring-websocket\5.1.10.RELEASE\spring-websocket-5.1.10.RELEASE.jar;C:\Users\abino\.m2\repository\de\codecentric\spring-boot-admin-starter-client\2.1.5\spring-boot-admin-starter-client-2.1.5.jar;C:\Users\abino\.m2\repository\de\codecentric\spring-boot-admin-client\2.1.5\spring-boot-admin-client-2.1.5.jar;C:\Users\abino\.m2\repository\org\springframework\boot\spring-boot-starter-actuator\2.1.9.RELEASE\spring-boot-starter-actuator-2.1.9.RELEASE.jar;C:\Users\abino\.m2\repository\org\springframework\boot\spring-boot-actuator-autoconfigure\2.1.9.RELEASE\spring-boot-actuator-autoconfigure-2.1.9.RELEASE.jar;C:\Users\abino\.m2\repository\org\springframework\boot\spring-boot-actuator\2.1.9.RELEASE\spring-boot-actuator-2.1.9.RELEASE.jar;C:\Users\abino\.m2\repository\io\micrometer\micrometer-core\1.1.7\micrometer-core-1.1.7.jar;C:\Users\abino\.m2\repository\org\hdrhistogram\HdrHistogram\2.1.9\HdrHistogram-2.1.9.jar;C:\Users\abino\.m2\repository\org\latencyutils\LatencyUtils\2.0.3\LatencyUtils-2.0.3.jar;C:\Users\abino\.m2\repository\org\jolokia\jolokia-core\1.6.2\jolokia-core-1.6.2.jar;C:\Users\abino\.m2\repository\com\googlecode\json-simple\json-simple\1.1.1\json-simple-1.1.1.jar;C:\Users\abino\.m2\repository\de\codecentric\spring-boot-admin-starter-server\2.1.5\spring-boot-admin-starter-server-2.1.5.jar;C:\Users\abino\.m2\repository\de\codecentric\spring-boot-admin-server\2.1.5\spring-boot-admin-server-2.1.5.jar;C:\Users\abino\.m2\repository\org\springframework\boot\spring-boot-starter-thymeleaf\2.1.9.RELEASE\spring-boot-starter-thymeleaf-2.1.9.RELEASE.jar;C:\Users\abino\.m2\repository\org\thymeleaf\thymeleaf-spring5\3.0.11.RELEASE\thymeleaf-spring5-3.0.11.RELEASE.jar;C:\Users\abino\.m2\repository\org\thymeleaf\thymeleaf\3.0.11.RELEASE\thymeleaf-3.0.11.RELEASE.jar;C:\Users\abino\.m2\repository\org\attoparser\attoparser\2.0.5.RELEASE\attoparser-2.0.5.RELEASE.jar;C:\Users\abino\.m2\repository\org\unbescape\unbescape\1.1.6.RELEASE\unbescape-1.1.6.RELEASE.jar;C:\Users\abino\.m2\repository\org\thymeleaf\extras\thymeleaf-extras-java8time\3.0.4.RELEASE\thymeleaf-extras-java8time-3.0.4.RELEASE.jar;C:\Users\abino\.m2\repository\io\projectreactor\addons\reactor-extra\3.2.3.RELEASE\reactor-extra-3.2.3.RELEASE.jar;C:\Users\abino\.m2\repository\de\codecentric\spring-boot-admin-server-ui\2.1.5\spring-boot-admin-server-ui-2.1.5.jar;C:\Users\abino\.m2\repository\de\codecentric\spring-boot-admin-server-cloud\2.1.5\spring-boot-admin-server-cloud-2.1.5.jar;C:\Users\abino\.m2\repository\org\springframework\boot\spring-boot-devtools\2.1.9.RELEASE\spring-boot-devtools-2.1.9.RELEASE.jar;C:\Users\abino\.m2\repository\org\springframework\boot\spring-boot\2.1.9.RELEASE\spring-boot-2.1.9.RELEASE.jar;C:\Users\abino\.m2\repository\org\springframework\boot\spring-boot-autoconfigure\2.1.9.RELEASE\spring-boot-autoconfigure-2.1.9.RELEASE.jar;C:\Users\abino\.m2\repository\org\postgresql\postgresql\42.2.8\postgresql-42.2.8.jar;C:\Users\abino\.m2\repository\org\springframework\boot\spring-boot-starter-test\2.1.9.RELEASE\spring-boot-starter-test-2.1.9.RELEASE.jar;C:\Users\abino\.m2\repository\org\springframework\boot\spring-boot-test\2.1.9.RELEASE\spring-boot-test-2.1.9.RELEASE.jar;C:\Users\abino\.m2\repository\org\springframework\boot\spring-boot-test-autoconfigure\2.1.9.RELEASE\spring-boot-test-autoconfigure-2.1.9.RELEASE.jar;C:\Users\abino\.m2\repository\com\jayway\jsonpath\json-path\2.4.0\json-path-2.4.0.jar;C:\Users\abino\.m2\repository\net\minidev\json-smart\2.3\json-smart-2.3.jar;C:\Users\abino\.m2\repository\net\minidev\accessors-smart\1.2\accessors-smart-1.2.jar;C:\Users\abino\.m2\repository\org\ow2\asm\asm\5.0.4\asm-5.0.4.jar;C:\Users\abino\.m2\repository\junit\junit\4.12\junit-4.12.jar;C:\Users\abino\.m2\repository\org\assertj\assertj-core\3.11.1\assertj-core-3.11.1.jar;C:\Users\abino\.m2\repository\org\mockito\mockito-core\2.23.4\mockito-core-2.23.4.jar;C:\Users\abino\.m2\repository\net\bytebuddy\byte-buddy\1.9.16\byte-buddy-1.9.16.jar;C:\Users\abino\.m2\repository\net\bytebuddy\byte-buddy-agent\1.9.16\byte-buddy-agent-1.9.16.jar;C:\Users\abino\.m2\repository\org\objenesis\objenesis\2.6\objenesis-2.6.jar;C:\Users\abino\.m2\repository\org\hamcrest\hamcrest-core\1.3\hamcrest-core-1.3.jar;C:\Users\abino\.m2\repository\org\hamcrest\hamcrest-library\1.3\hamcrest-library-1.3.jar;C:\Users\abino\.m2\repository\org\skyscreamer\jsonassert\1.5.0\jsonassert-1.5.0.jar;C:\Users\abino\.m2\repository\com\vaadin\external\google\android-json\0.0.20131108.vaadin1\android-json-0.0.20131108.vaadin1.jar;C:\Users\abino\.m2\repository\org\springframework\spring-core\5.1.10.RELEASE\spring-core-5.1.10.RELEASE.jar;C:\Users\abino\.m2\repository\org\springframework\spring-jcl\5.1.10.RELEASE\spring-jcl-5.1.10.RELEASE.jar;C:\Users\abino\.m2\repository\org\springframework\spring-test\5.1.10.RELEASE\spring-test-5.1.10.RELEASE.jar;C:\Users\abino\.m2\repository\org\xmlunit\xmlunit-core\2.6.3\xmlunit-core-2.6.3.jar;C:\Users\abino\.m2\repository\io\projectreactor\reactor-test\3.2.12.RELEASE\reactor-test-3.2.12.RELEASE.jar;C:\Users\abino\.m2\repository\io\projectreactor\reactor-core\3.2.12.RELEASE\reactor-core-3.2.12.RELEASE.jar;C:\Users\abino\.m2\repository\org\reactivestreams\reactive-streams\1.0.3\reactive-streams-1.0.3.jar;C:\Users\abino\.m2\repository\org\springframework\restdocs\spring-restdocs-mockmvc\2.0.4.RELEASE\spring-restdocs-mockmvc-2.0.4.RELEASE.jar;C:\Users\abino\.m2\repository\javax\servlet\javax.servlet-api\4.0.1\javax.servlet-api-4.0.1.jar;C:\Users\abino\.m2\repository\org\springframework\restdocs\spring-restdocs-core\2.0.4.RELEASE\spring-restdocs-core-2.0.4.RELEASE.jar;C:\Users\abino\.m2\repository\com\google\code\gson\gson\2.8.6\gson-2.8.6.jar;C:\Users\abino\.m2\repository\com\rivescript\rivescript-core\0.10.0\rivescript-core-0.10.0.jar;C:\Users\abino\.m2\repository\org\slf4j\slf4j-api\1.7.28\slf4j-api-1.7.28.jar;C:\Users\abino\.m2\repository\org\jsoup\jsoup\1.11.3\jsoup-1.11.3.jar;"/>
    <property name="sun.cpu.endian" value="little"/>
    <property name="user.home" value="C:\Users\abino"/>
    <property name="user.language" value="en"/>
    <property name="java.specification.vendor" value="Oracle Corporation"/>
    <property name="java.version.date" value="2022-10-18"/>
    <property name="java.home" value="D:\Softwares\sts-4.17.1.RELEASE\plugins\org.eclipse.justj.openjdk.hotspot.jre.full.win32.x86_64_17.0.5.v20221102-0933\jre"/>
    <property name="file.separator" value="\"/>
    <property name="style.color" value="always"/>
    <property name="basedir" value="D:\GITHUB\abinovarghese_api"/>
    <property name="java.vm.compressedOopsMode" value="32-bit"/>
    <property name="line.separator" value="&#10;"/>
    <property name="java.vm.specification.vendor" value="Oracle Corporation"/>
    <property name="java.specification.name" value="Java Platform API Specification"/>
    <property name="surefire.real.class.path" value="C:\Users\abino\AppData\Local\Temp\surefire8388823457711883377\surefirebooter3198417537314235326.jar"/>
    <property name="user.script" value=""/>
    <property name="sun.management.compiler" value="HotSpot 64-Bit Tiered Compilers"/>
    <property name="java.runtime.version" value="17.0.5+8"/>
    <property name="user.name" value="abino"/>
    <property name="path.separator" value=";"/>
    <property name="os.version" value="10.0"/>
    <property name="java.runtime.name" value="OpenJDK Runtime Environment"/>
    <property name="file.encoding" value="Cp1252"/>
    <property name="java.vm.name" value="OpenJDK 64-Bit Server VM"/>
    <property name="java.vendor.version" value="Temurin-17.0.5+8"/>
    <property name="localRepository" value="C:\Users\abino\.m2\repository"/>
    <property name="java.vendor.url.bug" value="https://github.com/adoptium/adoptium-support/issues"/>
    <property name="java.io.tmpdir" value="C:\Users\abino\AppData\Local\Temp\"/>
    <property name="java.version" value="17.0.5"/>
    <property name="user.dir" value="D:\GITHUB\abinovarghese_api"/>
    <property name="os.arch" value="amd64"/>
    <property name="java.vm.specification.name" value="Java Virtual Machine Specification"/>
    <property name="sun.os.patch.level" value=""/>
    <property name="native.encoding" value="Cp1252"/>
    <property name="java.library.path" value="D:\Softwares\sts-4.17.1.RELEASE\plugins\org.eclipse.justj.openjdk.hotspot.jre.full.win32.x86_64_17.0.5.v20221102-0933\jre\bin;C:\WINDOWS\Sun\Java\bin;C:\WINDOWS\system32;C:\WINDOWS;D:/Softwares/sts-4.17.1.RELEASE//plugins/org.eclipse.justj.openjdk.hotspot.jre.full.win32.x86_64_17.0.5.v20221102-0933/jre/bin/server;D:/Softwares/sts-4.17.1.RELEASE//plugins/org.eclipse.justj.openjdk.hotspot.jre.full.win32.x86_64_17.0.5.v20221102-0933/jre/bin;;C:\Program Files\NVIDIA GPU Computing Toolkit\CUDA\v10.1\bin;C:\Program Files\NVIDIA GPU Computing Toolkit\CUDA\v10.1\libnvvp;C:\app\abino\product\18.0.0\dbhomeXE\bin;C:\ProgramData\Anaconda3;C:\ProgramData\Anaconda3\Library\mingw-w64\bin;C:\ProgramData\Anaconda3\Library\usr\bin;C:\ProgramData\Anaconda3\Library\bin;C:\ProgramData\Anaconda3\Scripts;C:\Program Files (x86)\Intel\Intel(R) Management Engine Components\iCLS\;C:\Program Files\Intel\Intel(R) Management Engine Components\iCLS\;C:\Windows\system32;C:\Windows;C:\Windows\System32\Wbem;C:\Windows\System32\WindowsPowerShell\v1.0\;C:\Windows\System32\OpenSSH\;C:\Program Files (x86)\Intel\Intel(R) Management Engine Components\DAL;C:\Program Files\Intel\Intel(R) Management Engine Components\DAL;C:\Program Files (x86)\Intel\Intel(R) Management Engine Components\IPT;C:\Program Files\Intel\Intel(R) Management Engine Components\IPT;C:\Program Files\Intel\WiFi\bin\;C:\Program Files\Common Files\Intel\WirelessCommon\;C:\Program Files\NVIDIA Corporation\NVIDIA NvDLISR;C:\Program Files (x86)\NVIDIA Corporation\PhysX\Common;C:\Program Files\nodejs\;C:\Program Files\Git\cmd;C:\Program Files\Zulu\zulu-8\bin\;C:\MinGW\bin;C:\Softwares\apache-maven-3.6.2\bin;C:\Users\abino\OneDrive\Desktop\Chrome-Dino-Reinforcement-Learning-master;C:\Program Files\NVIDIA Corporation\Nsight Compute 2019.4.0\;C:\tools\cuda;C:\tools\protobuf-3.10.1;C:\Program Files (x86)\Windows Kits\8.1\bin\x86;C:\Program Files\CMake\bin;C:\Program Files\NVIDIA GPU Computing Toolkit\CUDA\v10.1\extras\CUPTI\lib64;D:\My Projects\Tensorflow\models\research\object_detection;D:\My Projects\Tensorflow\models\research;D:\My Projects\Tensorflow\models\research\slim;C:\Program Files\dotnet\;C:\WINDOWS\system32;C:\WINDOWS;C:\WINDOWS\System32\Wbem;C:\WINDOWS\System32\WindowsPowerShell\v1.0\;C:\WINDOWS\System32\OpenSSH\;C:\Program Files\Docker\Docker\resources\bin;C:\Users\abino\.windows-build-tools\python27\;C:\Users\abino\AppData\Local\Programs\Python\Python37\Scripts\;C:\Users\abino\AppData\Local\Programs\Python\Python37\;C:\Users\abino\AppData\Local\Microsoft\WindowsApps;C:\Program Files\Intel\WiFi\bin\;C:\Program Files\Common Files\Intel\WirelessCommon\;C:\Users\abino\AppData\Roaming\npm;C:\Users\abino\AppData\Local\Programs\Microsoft VS Code\bin;C:\Program Files\JetBrains\IntelliJ IDEA Community Edition 2022.3\bin;;C:\Program Files\heroku\bin;D:\Softwares\flutter\flutter\bin;C:\Users\abino\.dotnet\tools;C:\Users\abino\AppData\Local\Microsoft\WindowsApps;C:\Users\abino\AppData\Local\GitHubDesktop\bin;D:\Softwares\sts-4.17.1.RELEASE;;."/>
    <property name="java.vm.info" value="mixed mode"/>
    <property name="java.vendor" value="Eclipse Adoptium"/>
    <property name="java.vm.version" value="17.0.5+8"/>
    <property name="sun.io.unicode.encoding" value="UnicodeLittle"/>
    <property name="java.class.version" value="61.0"/>
  </properties>
  <testcase name="contextLoads" classname="com.abinovarghese.server.DemoApplicationTests" time="0.46"/>
</testsuite>